Response: The origin of the Earth's atmosphere and the phenomenon of the sky appearing blue due to Rayleigh scattering is a fascinating story that dates back billions of years.

**Formation of the Atmosphere:**

The Earth's atmosphere is believed to have formed through a combination of processes, including:

1. **Volcanic activity:** The earliest atmosphere was likely composed of gases released from volcanic eruptions, such as water vapor, carbon dioxide, and sulfur dioxide.
2. **Cometary impacts:** Comets and meteorites are thought to have delivered water, organic compounds, and other volatile materials that contributed to the formation of the atmosphere.
3. **Solar wind:** The solar wind, a stream of charged particles emitted by the Sun, may have also played a role in shaping the early atmosphere.

Over time, these gases interacted with the Sun's radiation, leading to the formation of a stable atmosphere.

**Rayleigh Scattering:**

In the 19th century, British physicist Lord Rayleigh discovered that shorter wavelengths of light are scattered more than longer wavelengths by small particles or molecules. This phenomenon is known as Rayleigh scattering.

The key factors contributing to Rayleigh scattering are:

1. **Particle size:** The smaller the particle or molecule, the more it scatters light.
2. **Wavelength:** Shorter wavelengths (e.g., blue and violet) are scattered more than longer wavelengths (e.g., red and orange).
3. **Gas density:** The denser the gas, the more it scatters light.

In the case of the Earth's atmosphere, nitrogen (N2) and oxygen (O2) molecules are responsible for Rayleigh scattering. These gases are abundant in the atmosphere and have a small size relative to visible light wavelengths.

**The Blue Sky:**

When sunlight enters the Earth's atmosphere, it encounters these tiny gas molecules. The shorter wavelengths of light, such as blue and violet, are scattered more than longer wavelengths like red and orange. This scattering effect is responsible for the blue color we see in the sky during the day.

Here's a rough estimate of how this works:

* Blue light (around 450-495 nanometers) is scattered by nitrogen and oxygen molecules about 50% more than red light (around 620-750 nanometers).
* Violet light (around 380-450 nanometers) is scattered even more, but its intensity is much weaker, so it's not as noticeable.
* The combined effect of these scatterings results in the blue color we see in the sky.

**Additional Factors:**

While Rayleigh scattering is the primary reason for the blue sky, other factors can influence the apparent color:

1. **Dust and aerosols:** Tiny particles in the atmosphere, like dust, smoke, or pollutants, can scatter light in a way that affects the perceived color of the sky.
2. **Atmospheric conditions:** Weather patterns, pollution levels, and atmospheric pressure can all impact the scattering of light.

In summary, the Earth's atmosphere is thought to have formed through a combination of volcanic activity, cometary impacts, and solar wind. Rayleigh scattering, caused by the interaction between sunlight and tiny gas molecules like nitrogen and oxygen, leads to the blue color we see in the sky during the day.

Tokens per second: 51.76
